{
  "RSpec": {
    "coverage": {
      "/home/davis/TesteR7/config/environment.rb": [
        null,
        1,
        null,
        null,
        1,
        null,
        1
      ],
      "/home/davis/TesteR7/config/application.rb": [
        1,
        null,
        1,
        null,
        1,
        1,
        1,
        null,
        1,
        1,
        1,
        1,
        1,
        null,
        null,
        null,
        null,
        1,
        null,
        1,
        1,
        null,
        1,
        null,
        null,
        null,
        null,
        null,
        null,
        null,
        1,
        null,
        null
      ],
      "/home/davis/TesteR7/config/boot.rb": [
        1,
        null,
        1,
        1
      ],
      "/home/davis/TesteR7/config/environments/test.rb": [
        1,
        null,
        null,
        null,
        null,
        null,
        null,
        1,
        null,
        null,
        null,
        null,
        1,
        null,
        null,
        1,
        1,
        null,
        null,
        null,
        null,
        1,
        1,
        null,
        null,
        1,
        null,
        null,
        1,
        null,
        1,
        null,
        null,
        null,
        null,
        1,
        null,
        null,
        1,
        null,
        null,
        null,
        null
      ],
      "/home/davis/TesteR7/config/initializers/application_controller_renderer.rb": [
        null,
        null,
        null,
        null,
        null,
        null,
        null,
        null
      ],
      "/home/davis/TesteR7/config/initializers/assets.rb": [
        null,
        null,
        null,
        1,
        null,
        null,
        null,
        null,
        1,
        null,
        null,
        null,
        null,
        null
      ],
      "/home/davis/TesteR7/config/initializers/backtrace_silencers.rb": [
        null,
        null,
        null,
        null,
        null,
        null,
        null
      ],
      "/home/davis/TesteR7/config/initializers/content_security_policy.rb": [
        null,
        null,
        null,
        null,
        null,
        null,
        null,
        null,
        null,
        null,
        null,
        null,
        null,
        null,
        null,
        null,
        null,
        null,
        null,
        null,
        null,
        null,
        null,
        null,
        null
      ],
      "/home/davis/TesteR7/config/initializers/cookies_serializer.rb": [
        null,
        null,
        null,
        null,
        1
      ],
      "/home/davis/TesteR7/config/initializers/filter_parameter_logging.rb": [
        null,
        null,
        null,
        1
      ],
      "/home/davis/TesteR7/config/initializers/inflections.rb": [
        null,
        null,
        null,
        null,
        null,
        null,
        null,
        null,
        null,
        null,
        null,
        null,
        null,
        null,
        null,
        null
      ],
      "/home/davis/TesteR7/config/initializers/mime_types.rb": [
        null,
        null,
        null,
        null
      ],
      "/home/davis/TesteR7/config/initializers/time_zone.rb": [
        1
      ],
      "/home/davis/TesteR7/config/initializers/wrap_parameters.rb": [
        null,
        null,
        null,
        null,
        null,
        null,
        1,
        2,
        null,
        null,
        null,
        null,
        null,
        null
      ],
      "/home/davis/TesteR7/config/routes.rb": [
        1,
        1,
        1,
        1,
        1,
        null,
        null
      ],
      "/home/davis/TesteR7/app/helpers/application_helper.rb": [
        1,
        null
      ],
      "/home/davis/TesteR7/spec/features/user_create_topic_spec.rb": [
        1,
        null,
        1,
        1,
        1,
        null,
        1,
        1,
        1,
        null,
        1,
        1,
        null,
        null,
        1,
        1,
        1,
        1,
        null,
        1,
        1,
        null,
        null,
        1,
        1,
        null,
        1,
        1,
        1,
        null,
        1,
        1,
        null,
        null,
        1,
        1,
        null,
        1,
        1,
        1,
        null,
        1,
        1,
        null,
        null,
        1,
        1,
        1,
        1,
        null,
        1,
        null,
        1,
        1,
        1,
        null,
        null
      ],
      "/home/davis/TesteR7/spec/features/user_edit_word_on_blacklist_spec.rb": [
        1,
        null,
        1,
        1,
        1,
        null,
        1,
        1,
        1,
        1,
        null,
        1,
        1,
        null,
        null,
        1,
        1,
        null,
        1,
        1,
        1,
        1,
        null,
        1,
        1,
        null,
        null
      ],
      "/home/davis/TesteR7/spec/features/user_view_word_on_blacklist_spec.rb": [
        1,
        null,
        1,
        1,
        1,
        null,
        1,
        1,
        null,
        1,
        1,
        null,
        null,
        1,
        1,
        1,
        1,
        1,
        1,
        null,
        1,
        1,
        null,
        null,
        1,
        1,
        1,
        1,
        null,
        1,
        1,
        null,
        null,
        1,
        1,
        null,
        1,
        1,
        1,
        null,
        1,
        1,
        null,
        null
      ],
      "/home/davis/TesteR7/spec/features/user_visit_homepage_spec.rb": [
        1,
        null,
        1,
        1,
        1,
        null,
        1,
        1,
        null,
        null,
        1,
        1,
        null,
        1,
        null,
        1,
        null,
        null,
        1,
        1,
        1,
        null,
        1,
        null,
        1,
        1,
        null,
        null,
        1,
        1,
        null,
        1,
        null,
        null,
        null
      ],
      "/home/davis/TesteR7/app/models/topic.rb": [
        1,
        1,
        1,
        null,
        null,
        null
      ],
      "/home/davis/TesteR7/app/models/application_record.rb": [
        1,
        1,
        null
      ],
      "/home/davis/TesteR7/app/models/description.rb": [
        1,
        1,
        1,
        null
      ],
      "/home/davis/TesteR7/app/controllers/topics_controller.rb": [
        1,
        1,
        8,
        8,
        null,
        null,
        1,
        5,
        null,
        null,
        1,
        4,
        4,
        1,
        null,
        3,
        null,
        null,
        null,
        1,
        5,
        5,
        5,
        null,
        null,
        1,
        null,
        1,
        4,
        null,
        null
      ],
      "/home/davis/TesteR7/app/controllers/application_controller.rb": [
        1,
        null
      ],
      "/home/davis/TesteR7/app/models/blacklist.rb": [
        1,
        1,
        1,
        1,
        null,
        null,
        null
      ],
      "/home/davis/TesteR7/app/controllers/descriptions_controller.rb": [
        1,
        1,
        null,
        1,
        2,
        null,
        null,
        1,
        2,
        2,
        2,
        1,
        null,
        1,
        1,
        null,
        null,
        null,
        1,
        null,
        1,
        null,
        1,
        2,
        null,
        null
      ],
      "/home/davis/TesteR7/app/controllers/blacklists_controller.rb": [
        1,
        1,
        null,
        1,
        3,
        null,
        null,
        1,
        null,
        1,
        6,
        6,
        null,
        null,
        1,
        3,
        3,
        1,
        null,
        2,
        null,
        null,
        null,
        1,
        2,
        null,
        null,
        1,
        2,
        1,
        null,
        1,
        null,
        null,
        null,
        1,
        null,
        1,
        4,
        null,
        null,
        1,
        5,
        null,
        null
      ]
    },
    "timestamp": 1564415208
  }
}
